1681767636.083336 2023-04-17 16:40:36 MainProcess-4042024 MainThread-140033024251712 parsl.dataflow.dflow:86 __init__ DEBUG: Starting DataFlowKernel with config
Config(
    app_cache=True, 
    checkpoint_files=None, 
    checkpoint_mode=None, 
    checkpoint_period=None, 
    executors=[ThreadPoolExecutor(
        label='local_threads', 
        managed=True, 
        max_threads=32, 
        storage_access=None, 
        thread_name_prefix='', 
        working_dir='data/predictions_folder/cistrome_AR_Breast/predictions_2023-04-15'
    )], 
    garbage_collect=True, 
    initialize_logging=True, 
    internal_tasks_max_threads=10, 
    max_idletime=120.0, 
    monitoring=None, 
    retries=0, 
    retry_handler=None, 
    run_dir='runinfo', 
    strategy='simple', 
    usage_tracking=False
)
1681767636.083560 2023-04-17 16:40:36 MainProcess-4042024 MainThread-140033024251712 parsl.dataflow.dflow:88 __init__ INFO: Parsl version: 1.3.0dev0
1681767636.083652 2023-04-17 16:40:36 MainProcess-4042024 MainThread-140033024251712 parsl.dataflow.usage_tracking.usage:129 __init__ DEBUG: Tracking status: False
1681767636.083821 2023-04-17 16:40:36 MainProcess-4042024 MainThread-140033024251712 parsl.dataflow.dflow:114 __init__ INFO: Run id is: 0ed31790-093e-459a-9317-b6ce8d0a6218
1681767636.157493 2023-04-17 16:40:36 MainProcess-4042024 MainThread-140033024251712 parsl.dataflow.dflow:121 __init__ DEBUG: Considering candidate for workflow name: /beagle3/haky/users/shared_software/TFXcan-pipeline-tools/lib/python3.9/site-packages/parsl/dataflow/dflow.py
1681767636.157557 2023-04-17 16:40:36 MainProcess-4042024 MainThread-140033024251712 parsl.dataflow.dflow:121 __init__ DEBUG: Considering candidate for workflow name: /beagle3/haky/users/shared_software/TFXcan-pipeline-tools/lib/python3.9/site-packages/parsl/dataflow/dflow.py
1681767636.157594 2023-04-17 16:40:36 MainProcess-4042024 MainThread-140033024251712 parsl.dataflow.dflow:121 __init__ DEBUG: Considering candidate for workflow name: /project2/haky/temi/projects/TFPred-snakemake/process/workflow/scripts/aggregate.py
1681767636.157626 2023-04-17 16:40:36 MainProcess-4042024 MainThread-140033024251712 parsl.dataflow.dflow:127 __init__ DEBUG: Using aggregate.py as workflow name
1681767636.157727 2023-04-17 16:40:36 MainProcess-4042024 MainThread-140033024251712 parsl.dataflow.memoization:173 __init__ INFO: App caching initialized
1681767636.157776 2023-04-17 16:40:36 MainProcess-4042024 MainThread-140033024251712 parsl.dataflow.strategy:127 __init__ DEBUG: Scaling strategy: simple
1681767636.203515 2023-04-17 16:40:36 MainProcess-4042024 MainThread-140033024251712 parsl.dataflow.dflow:841 submit DEBUG: Task 0 will be sent to executor local_threads
1681767636.203616 2023-04-17 16:40:36 MainProcess-4042024 MainThread-140033024251712 parsl.dataflow.dflow:667 _add_output_deps DEBUG: Adding output dependencies
1681767636.203669 2023-04-17 16:40:36 MainProcess-4042024 MainThread-140033024251712 parsl.dataflow.dflow:920 submit INFO: Task 0 submitted for App aggregate_enformer_predictions, not waiting on any dependency
1681767636.203723 2023-04-17 16:40:36 MainProcess-4042024 MainThread-140033024251712 parsl.dataflow.dflow:928 submit DEBUG: Task 0 set to pending state with AppFuture: <AppFuture at 0x7f5be4b31610 state=pending>
1681767636.203775 2023-04-17 16:40:36 MainProcess-4042024 MainThread-140033024251712 parsl.dataflow.memoization:236 check_memo DEBUG: Task 0 will not be memoized
1681767636.204487 2023-04-17 16:40:36 MainProcess-4042024 MainThread-140033024251712 parsl.dataflow.dflow:630 launch_task INFO: Parsl task 0 try 0 launched on executor local_threads
1681767637.158166 2023-04-17 16:40:37 MainProcess-4042024 FlowControl-Thread-140032655632128 parsl.dataflow.strategy:166 _general_strategy DEBUG: general strategy starting with strategy_type simple
1681767637.158416 2023-04-17 16:40:37 MainProcess-4042024 FlowControl-Thread-140032655632128 parsl.process_loggers:28 wrapped DEBUG: Normal ending for _general_strategy on thread FlowControl-Thread
1681767638.579553 2023-04-17 16:40:38 MainProcess-4042024 ThreadPoolExecutor-0_0-140032576845568 parsl.dataflow.dflow:453 _complete_task INFO: Task 0 completed (launched -> exec_done)
1681767638.580166 2023-04-17 16:40:38 MainProcess-4042024 MainThread-140033024251712 parsl.dataflow.dflow:1028 atexit_cleanup INFO: DFK cleanup because python process is exiting
1681767638.580275 2023-04-17 16:40:38 MainProcess-4042024 MainThread-140033024251712 parsl.dataflow.dflow:1066 cleanup INFO: DFK cleanup initiated
1681767638.580323 2023-04-17 16:40:38 MainProcess-4042024 MainThread-140033024251712 parsl.dataflow.dflow:966 log_task_states INFO: Summary of tasks in DFK:
1681767638.580375 2023-04-17 16:40:38 MainProcess-4042024 MainThread-140033024251712 parsl.dataflow.dflow:970 log_task_states INFO: Tasks in state States.unsched: 0
1681767638.580408 2023-04-17 16:40:38 MainProcess-4042024 MainThread-140033024251712 parsl.dataflow.dflow:970 log_task_states INFO: Tasks in state States.pending: 0
1681767638.580438 2023-04-17 16:40:38 MainProcess-4042024 MainThread-140033024251712 parsl.dataflow.dflow:970 log_task_states INFO: Tasks in state States.running: 0
1681767638.580467 2023-04-17 16:40:38 MainProcess-4042024 MainThread-140033024251712 parsl.dataflow.dflow:970 log_task_states INFO: Tasks in state States.exec_done: 1
1681767638.580496 2023-04-17 16:40:38 MainProcess-4042024 MainThread-140033024251712 parsl.dataflow.dflow:970 log_task_states INFO: Tasks in state States.failed: 0
1681767638.580525 2023-04-17 16:40:38 MainProcess-4042024 MainThread-140033024251712 parsl.dataflow.dflow:970 log_task_states INFO: Tasks in state States.dep_fail: 0
1681767638.580552 2023-04-17 16:40:38 MainProcess-4042024 MainThread-140033024251712 parsl.dataflow.dflow:970 log_task_states INFO: Tasks in state States.launched: 0
1681767638.580580 2023-04-17 16:40:38 MainProcess-4042024 MainThread-140033024251712 parsl.dataflow.dflow:970 log_task_states INFO: Tasks in state States.fail_retryable: 0
1681767638.580609 2023-04-17 16:40:38 MainProcess-4042024 MainThread-140033024251712 parsl.dataflow.dflow:970 log_task_states INFO: Tasks in state States.memo_done: 0
1681767638.580636 2023-04-17 16:40:38 MainProcess-4042024 MainThread-140033024251712 parsl.dataflow.dflow:970 log_task_states INFO: Tasks in state States.joining: 0
1681767638.580666 2023-04-17 16:40:38 MainProcess-4042024 MainThread-140033024251712 parsl.dataflow.dflow:970 log_task_states INFO: Tasks in state States.running_ended: 0
1681767638.580693 2023-04-17 16:40:38 MainProcess-4042024 MainThread-140033024251712 parsl.dataflow.dflow:972 log_task_states INFO: End of summary
1681767638.580797 2023-04-17 16:40:38 MainProcess-4042024 MainThread-140033024251712 parsl.dataflow.dflow:1090 cleanup INFO: Closing flowcontrol
1681767638.580879 2023-04-17 16:40:38 MainProcess-4042024 MainThread-140033024251712 parsl.dataflow.dflow:1092 cleanup INFO: Terminated flow control
1681767638.580914 2023-04-17 16:40:38 MainProcess-4042024 MainThread-140033024251712 parsl.dataflow.dflow:1094 cleanup INFO: Scaling in and shutting down executors
1681767638.580955 2023-04-17 16:40:38 MainProcess-4042024 MainThread-140033024251712 parsl.dataflow.dflow:1109 cleanup INFO: Shutting down executor local_threads
1681767638.580995 2023-04-17 16:40:38 MainProcess-4042024 MainThread-140033024251712 parsl.executors.threads:105 shutdown DEBUG: Shutting down executor, which involves waiting for running tasks to complete
1681767638.581038 2023-04-17 16:40:38 MainProcess-4042024 MainThread-140033024251712 parsl.executors.threads:107 shutdown DEBUG: Done with executor shutdown
1681767638.581065 2023-04-17 16:40:38 MainProcess-4042024 MainThread-140033024251712 parsl.dataflow.dflow:1111 cleanup INFO: Shut down executor local_threads
1681767638.581093 2023-04-17 16:40:38 MainProcess-4042024 MainThread-140033024251712 parsl.dataflow.dflow:1109 cleanup INFO: Shutting down executor _parsl_internal
1681767638.581118 2023-04-17 16:40:38 MainProcess-4042024 MainThread-140033024251712 parsl.executors.threads:105 shutdown DEBUG: Shutting down executor, which involves waiting for running tasks to complete
1681767638.581148 2023-04-17 16:40:38 MainProcess-4042024 MainThread-140033024251712 parsl.executors.threads:107 shutdown DEBUG: Done with executor shutdown
1681767638.581174 2023-04-17 16:40:38 MainProcess-4042024 MainThread-140033024251712 parsl.dataflow.dflow:1111 cleanup INFO: Shut down executor _parsl_internal
1681767638.581200 2023-04-17 16:40:38 MainProcess-4042024 MainThread-140033024251712 parsl.dataflow.dflow:1117 cleanup INFO: Terminated executors
1681767638.581228 2023-04-17 16:40:38 MainProcess-4042024 MainThread-140033024251712 parsl.dataflow.dflow:1134 cleanup INFO: DFK cleanup complete
1681767638.581259 2023-04-17 16:40:38 MainProcess-4042024 MainThread-140033024251712 parsl.process_loggers:28 wrapped DEBUG: Normal ending for cleanup on thread MainThread
