Building DAG of jobs...
Using shell: /bin/bash
Provided cores: 1 (use --cores to define parallelism)
Rules claiming more threads will be scaled down.
Job stats:
job                   count    min threads    max threads
------------------  -------  -------------  -------------
all                       1              1              1
find_homer_motifs         3              1              1
merge_homer_motifs        2              1              1
total                     6              1              1

Select jobs to execute...

[Fri Mar 31 15:04:27 2023]
Job 1: working on motif_file=foxa1.lncap,tf=FOXA1
Reason: Code has changed since last execution

[Fri Mar 31 15:04:27 2023]
Finished job 1.
1 of 6 steps (17%) done
Select jobs to execute...

[Fri Mar 31 15:04:27 2023]
Job 2: working on motif_file=foxa1.mcf7,tf=FOXA1
Reason: Code has changed since last execution

[Fri Mar 31 15:04:27 2023]
Finished job 2.
2 of 6 steps (33%) done
Select jobs to execute...

[Fri Mar 31 15:04:27 2023]
Job 3: working on motif_file=ar-half,tf=AR
Reason: Missing output files: data/homer_files/AR/scanMotifsGenomeWide_ar-half.txt; Code has changed since last execution

[Fri Mar 31 15:04:27 2023]
Finished job 3.
3 of 6 steps (50%) done
Select jobs to execute...

[Fri Mar 31 15:04:27 2023]
Job 4: working on data/homer_files/FOXA1/scanMotifsGenomeWide_foxa1.lncap.txt data/homer_files/FOXA1/scanMotifsGenomeWide_foxa1.mcf7.txt data/homer_files/AR/scanMotifsGenomeWide_ar-half.txt
Reason: Input files updated by another job: data/homer_files/FOXA1/scanMotifsGenomeWide_foxa1.lncap.txt, data/homer_files/FOXA1/scanMotifsGenomeWide_foxa1.mcf7.txt, data/homer_files/AR/scanMotifsGenomeWide_ar-half.txt

[Fri Mar 31 15:04:29 2023]
Finished job 4.
4 of 6 steps (67%) done
Select jobs to execute...

[Fri Mar 31 15:04:29 2023]
Job 5: working on data/homer_files/FOXA1/scanMotifsGenomeWide_foxa1.lncap.txt data/homer_files/FOXA1/scanMotifsGenomeWide_foxa1.mcf7.txt data/homer_files/AR/scanMotifsGenomeWide_ar-half.txt
Reason: Missing output files: data/homer_files/AR/merged_motif_file.txt; Input files updated by another job: data/homer_files/FOXA1/scanMotifsGenomeWide_foxa1.lncap.txt, data/homer_files/FOXA1/scanMotifsGenomeWide_foxa1.mcf7.txt, data/homer_files/AR/scanMotifsGenomeWide_ar-half.txt

[Fri Mar 31 15:04:31 2023]
Finished job 5.
5 of 6 steps (83%) done
Select jobs to execute...

[Fri Mar 31 15:04:31 2023]
localrule all:
    input: data/homer_files/FOXA1/foxa1.lncap.motif, data/homer_files/FOXA1/foxa1.mcf7.motif, data/homer_files/AR/ar-half.motif, data/homer_files/FOXA1/scanMotifsGenomeWide_foxa1.lncap.txt, data/homer_files/FOXA1/scanMotifsGenomeWide_foxa1.mcf7.txt, data/homer_files/AR/scanMotifsGenomeWide_ar-half.txt, data/homer_files/FOXA1/merged_motif_file.txt, data/homer_files/FOXA1/merged_motif_file.txt, data/homer_files/AR/merged_motif_file.txt
    jobid: 0
    reason: Input files updated by another job: data/homer_files/FOXA1/merged_motif_file.txt, data/homer_files/AR/merged_motif_file.txt, data/homer_files/FOXA1/scanMotifsGenomeWide_foxa1.lncap.txt, data/homer_files/FOXA1/scanMotifsGenomeWide_foxa1.mcf7.txt, data/homer_files/AR/scanMotifsGenomeWide_ar-half.txt
    resources: tmpdir=/tmp

[Fri Mar 31 15:04:31 2023]
Finished job 0.
6 of 6 steps (100%) done
Complete log: .snakemake/log/2023-03-31T150425.144028.snakemake.log
