Building DAG of jobs...
Using shell: /bin/bash
Provided cores: 1 (use --cores to define parallelism)
Rules claiming more threads will be scaled down.
Job stats:
job                  count    min threads    max threads
-----------------  -------  -------------  -------------
all                      1              1              1
find_homer_motifs        3              1              1
total                    4              1              1

Select jobs to execute...

[Fri Mar 31 15:18:55 2023]
Job 1: working on motif_file=foxa1.lncap,tf=FOXA1
Reason: Missing output files: data/homer_files/FOXA1/scanMotifsGenomeWide_foxa1.lncap.txt

[Fri Mar 31 15:18:55 2023]
Finished job 1.
1 of 4 steps (25%) done
Select jobs to execute...

[Fri Mar 31 15:18:55 2023]
Job 2: working on motif_file=foxa1.mcf7,tf=FOXA1
Reason: Missing output files: data/homer_files/FOXA1/scanMotifsGenomeWide_foxa1.mcf7.txt

[Fri Mar 31 15:18:55 2023]
Finished job 2.
2 of 4 steps (50%) done
Select jobs to execute...

[Fri Mar 31 15:18:55 2023]
Job 3: working on motif_file=ar-half,tf=AR
Reason: Missing output files: data/homer_files/AR/scanMotifsGenomeWide_ar-half.txt

[Fri Mar 31 15:18:55 2023]
Finished job 3.
3 of 4 steps (75%) done
Select jobs to execute...

[Fri Mar 31 15:18:55 2023]
localrule all:
    input: data/homer_files/FOXA1/foxa1.lncap.motif, data/homer_files/FOXA1/foxa1.mcf7.motif, data/homer_files/AR/ar-half.motif, data/homer_files/FOXA1/scanMotifsGenomeWide_foxa1.lncap.txt, data/homer_files/FOXA1/scanMotifsGenomeWide_foxa1.mcf7.txt, data/homer_files/AR/scanMotifsGenomeWide_ar-half.txt
    jobid: 0
    reason: Input files updated by another job: data/homer_files/FOXA1/scanMotifsGenomeWide_foxa1.lncap.txt, data/homer_files/AR/scanMotifsGenomeWide_ar-half.txt, data/homer_files/FOXA1/scanMotifsGenomeWide_foxa1.mcf7.txt
    resources: tmpdir=/tmp

[Fri Mar 31 15:18:55 2023]
Finished job 0.
4 of 4 steps (100%) done
Complete log: .snakemake/log/2023-03-31T151853.492342.snakemake.log
