Building DAG of jobs...
Using shell: /bin/bash
Provided cores: 1 (use --cores to define parallelism)
Rules claiming more threads will be scaled down.
Job stats:
job                 count    min threads    max threads
----------------  -------  -------------  -------------
all                     1              1              1
gather_bed_files        3              1              1
total                   4              1              1

Select jobs to execute...

[Wed Mar 29 19:31:54 2023]
Job 3: working on AR and Breast
Reason: Missing output files: data/bed_files/AR_Breast

[Wed Mar 29 19:31:56 2023]
Error in rule gather_bed_files:
    jobid: 3
    output: data/bed_files/AR_Breast
    shell:
        
        /lus/theta-fs0/projects/covid-ct/imlab/users/temi/software/conda_envs/TFXcan-tools/bin/Rscript workflow/scripts/create_TF_bed_files.R AR Breast data/bed_files/AR_Breast
        
        (one of the commands exited with non-zero exit code; note that snakemake uses bash strict mode!)

Shutting down, this might take some time.
Exiting because a job execution failed. Look above for error message
Complete log: .snakemake/log/2023-03-29T193154.423199.snakemake.log
