Building DAG of jobs...
Using shell: /usr/bin/bash
Provided cores: 1 (use --cores to define parallelism)
Rules claiming more threads will be scaled down.
Provided resources: mem_mb=50000, mem_mib=47684, disk_mb=1000, disk_mib=954, gpus=4
Select jobs to execute...

[Thu Apr 13 16:25:49 2023]
Job 0: working on AR_Breast
Reason: Missing output files: metadata/enformer_config/aggregation_config_cistrome_AR_Breast.json


            echo `which python3`
            # source ~/.bashrc
            # conda activate /beagle3/haky/users/shared_software/TFXcan-pipeline-tools
            # export LD_LIBRARY_PATH=/beagle3/haky/users/shared_software/TFXcan-pipeline-tools/lib:$LD_LIBRARY_PATH
            # export PATH=$PATH:/project2/haky/temi/software/homer/bin

            python3 workflow/scripts/parallel_enformer/enformer_predict.py --param_config metadata/enformer_config/enformer_parameters_cistrome_AR_Breast.json
        
2023-04-13 16:25:53.400092: I tensorflow/core/util/util.cc:169] oneDNN custom operations are on. You may see slightly different numerical results due to floating-point round-off errors from different computation orders. To turn them off, set the environment variable `TF_ENABLE_ONEDNN_OPTS=0`.
2023-04-13 16:26:00.253008: E tensorflow/stream_executor/cuda/cuda_driver.cc:271] failed call to cuInit: CUDA_ERROR_NO_DEVICE: no CUDA-capable device is detected
2023-04-13 16:26:00.253079: I tensorflow/stream_executor/cuda/cuda_diagnostics.cc:169] retrieving CUDA diagnostic information for host: beagle3-0022.rcc.local
2023-04-13 16:26:00.253095: I tensorflow/stream_executor/cuda/cuda_diagnostics.cc:176] hostname: beagle3-0022.rcc.local
2023-04-13 16:26:00.253192: I tensorflow/stream_executor/cuda/cuda_diagnostics.cc:200] libcuda reported version is: 495.29.5
2023-04-13 16:26:00.253209: I tensorflow/stream_executor/cuda/cuda_diagnostics.cc:204] kernel reported version is: 470.82.1
2023-04-13 16:26:00.253216: E tensorflow/stream_executor/cuda/cuda_diagnostics.cc:313] kernel version 470.82.1 does not match DSO version 495.29.5 -- cannot find working devices in this configuration
2023-04-13 16:26:00.428758: I tensorflow/core/platform/cpu_feature_guard.cc:193] This TensorFlow binary is optimized with oneAPI Deep Neural Network Library (oneDNN) to use the following CPU instructions in performance-critical operations:  AVX2 AVX512F AVX512_VNNI FMA
To enable them in other operations, rebuild TensorFlow with the appropriate compiler flags.
slurmstepd: error: *** JOB 3292244 ON beagle3-0022 CANCELLED AT 2023-04-13T16:28:17 ***
