Building DAG of jobs...
Using shell: /usr/bin/bash
Provided cores: 32
Rules claiming more threads will be scaled down.
Provided resources: mem_mb=10000, mem_mib=9537, disk_mb=1000, disk_mib=954, nodes=1
Select jobs to execute...

[Fri Mar 31 14:49:28 2023]
Job 0: working on TF=AR,tissue=Breast
Reason: Missing output files: data/predictor_files/AR_Breast_predictors.txt


        /lus/theta-fs0/projects/covid-ct/imlab/users/temi/software/conda_envs/TFXcan-tools/bin/Rscript workflow/rules/create_training_sets.R AR Breast data/ data/predictor_files/AR_Breast_predictors.txt
        
[Fri Mar 31 14:49:30 2023]
Error in rule create_training_set:
    jobid: 0
    output: data/predictor_files/AR_Breast_predictors.txt
    shell:
        
        /lus/theta-fs0/projects/covid-ct/imlab/users/temi/software/conda_envs/TFXcan-tools/bin/Rscript workflow/rules/create_training_sets.R AR Breast data/ data/predictor_files/AR_Breast_predictors.txt
        
        (one of the commands exited with non-zero exit code; note that snakemake uses bash strict mode!)

Shutting down, this might take some time.
Exiting because a job execution failed. Look above for error message
Building DAG of jobs...
Using shell: /usr/bin/bash
Provided cores: 32
Rules claiming more threads will be scaled down.
Provided resources: mem_mb=10000, mem_mib=9537, disk_mb=1000, disk_mib=954, nodes=1
Select jobs to execute...

[Fri Mar 31 14:53:16 2023]
Job 0: working on TF=AR,tissue=Breast
Reason: Missing output files: data/predictor_files/AR_Breast_predictors.txt


        /lus/theta-fs0/projects/covid-ct/imlab/users/temi/software/conda_envs/TFXcan-tools/bin/Rscript workflow/rules/create_training_sets.R AR Breast data/ data/predictor_files/AR_Breast_predictors.txt
        
[Fri Mar 31 14:53:17 2023]
Error in rule create_training_set:
    jobid: 0
    output: data/predictor_files/AR_Breast_predictors.txt
    shell:
        
        /lus/theta-fs0/projects/covid-ct/imlab/users/temi/software/conda_envs/TFXcan-tools/bin/Rscript workflow/rules/create_training_sets.R AR Breast data/ data/predictor_files/AR_Breast_predictors.txt
        
        (one of the commands exited with non-zero exit code; note that snakemake uses bash strict mode!)

Shutting down, this might take some time.
Exiting because a job execution failed. Look above for error message
Building DAG of jobs...
Using shell: /usr/bin/bash
Provided cores: 32
Rules claiming more threads will be scaled down.
Provided resources: mem_mb=10000, mem_mib=9537, disk_mb=1000, disk_mib=954, nodes=1
Select jobs to execute...

[Fri Mar 31 14:54:06 2023]
Job 0: working on TF=AR,tissue=Breast
Reason: Missing output files: data/predictor_files/AR_Breast_predictors.txt


        /lus/theta-fs0/projects/covid-ct/imlab/users/temi/software/conda_envs/TFXcan-tools/bin/Rscript workflow/rules/create_training_sets.R AR Breast data/ data/predictor_files/AR_Breast_predictors.txt
        
[Fri Mar 31 14:54:07 2023]
Error in rule create_training_set:
    jobid: 0
    output: data/predictor_files/AR_Breast_predictors.txt
    shell:
        
        /lus/theta-fs0/projects/covid-ct/imlab/users/temi/software/conda_envs/TFXcan-tools/bin/Rscript workflow/rules/create_training_sets.R AR Breast data/ data/predictor_files/AR_Breast_predictors.txt
        
        (one of the commands exited with non-zero exit code; note that snakemake uses bash strict mode!)

Shutting down, this might take some time.
Exiting because a job execution failed. Look above for error message
