[1] "config/pipeline.yaml"
TF_tissue: AR_Breast, predicted_motifs_file: data/homer_files/AR/merged_motif_file.txt
[1] "/project2/haky/temi/projects/TFPred-snakemake"
[1] TRUE
[1] 16826     3
/project2/haky/temi/projects/TFPred-snakemake
[['AR', 'Breast'], ['FOXA1', 'Breast'], ['FOXA1', 'Prostate'], ['CTCF', 'Liver'], ['GATA3', 'Breast'], ['GATA3', 'Blood'], ['AR', 'Prostate'], ['POLR2A', 'Lung'], ['NFKB1', 'Colon'], ['NFKB2', 'Colon'], ['GATA2', 'Bone Marrow']]
Some invalide TF-tissue pairs were found. See metadata/invalid_TFs.txt for details.
INFO - Found 1 motif files to be linked for AR
INFO - Found 2 motif files to be linked for FOXA1
INFO - Found 2 motif files to be linked for FOXA1
INFO - Found 2 motif files to be linked for CTCF
INFO - Found 5 motif files to be linked for GATA3
INFO - Found 5 motif files to be linked for GATA3
INFO - Found 1 motif files to be linked for AR
INFO - Found 1 motif files to be linked for GATA2
INFO - Found 15 bedfiles to be linked for AR-Breast pair
INFO - Found 72 bedfiles to be linked for FOXA1-Breast pair
INFO - Found 82 bedfiles to be linked for FOXA1-Prostate pair
INFO - Found 13 bedfiles to be linked for CTCF-Liver pair
INFO - Found 31 bedfiles to be linked for GATA3-Breast pair
INFO - Found 6 bedfiles to be linked for GATA3-Blood pair
INFO - Found 322 bedfiles to be linked for AR-Prostate pair
INFO - Found 14 bedfiles to be linked for GATA2-Bone-Marrow pair
['data/predictor_files/AR_Breast_predictors.txt', 'data/predictor_files/FOXA1_Breast_predictors.txt', 'data/predictor_files/FOXA1_Prostate_predictors.txt', 'data/predictor_files/CTCF_Liver_predictors.txt', 'data/predictor_files/GATA3_Breast_predictors.txt', 'data/predictor_files/GATA3_Blood_predictors.txt', 'data/predictor_files/AR_Prostate_predictors.txt', 'data/predictor_files/GATA2_Bone-Marrow_predictors.txt']
