Building DAG of jobs...
Using shell: /usr/bin/bash
Provided cores: 32
Rules claiming more threads will be scaled down.
Provided resources: mem_mb=20000, mem_mib=19074, disk_mb=1284, disk_mib=1225
Select jobs to execute...

[Tue Apr  4 15:10:33 2023]
Job 0: working on tf=FOXA1,tissue=Breast, data/homer_files/FOXA1/merged_motif_file.txt, config/pipeline.yaml
Reason: Missing output files: metadata/enformer_config/enformer_parameters_cistrome_FOXA1_Breast.json, data/predictor_files/FOXA1_Breast_ground_truth.txt, data/predictor_files/FOXA1_Breast_predictor_regions.txt, data/predictor_files/FOXA1_Breast_predictors.txt


        /project2/haky/temi/software/conda_envs/TFXcan-tools/bin/Rscript workflow/scripts/create_training_sets.R FOXA1 Breast data/homer_files/FOXA1/merged_motif_file.txt data/ data/predictor_files/FOXA1_Breast_predictor_regions.txt config/pipeline.yaml
        
Warning: ‘timedatectl’ indicates the non-existent timezone name ‘n/a’
unable to deduce timezone name from ‘America/Chicago’
── Attaching core tidyverse packages ──────────────────────── tidyverse 2.0.0 ──
✔ dplyr     1.1.1     ✔ readr     2.1.4
✔ forcats   1.0.0     ✔ stringr   1.5.0
✔ ggplot2   3.4.1     ✔ tibble    3.2.1
✔ lubridate 1.9.2     ✔ tidyr     1.3.0
✔ purrr     1.0.1     
── Conflicts ────────────────────────────────────────── tidyverse_conflicts() ──
✖ dplyr::between()     masks data.table::between()
✖ dplyr::filter()      masks stats::filter()
✖ dplyr::first()       masks data.table::first()
✖ lubridate::hour()    masks data.table::hour()
✖ lubridate::isoweek() masks data.table::isoweek()
✖ dplyr::lag()         masks stats::lag()
✖ dplyr::last()        masks data.table::last()
✖ lubridate::mday()    masks data.table::mday()
✖ lubridate::minute()  masks data.table::minute()
✖ lubridate::month()   masks data.table::month()
✖ lubridate::quarter() masks data.table::quarter()
✖ lubridate::second()  masks data.table::second()
✖ purrr::transpose()   masks data.table::transpose()
✖ lubridate::wday()    masks data.table::wday()
✖ lubridate::week()    masks data.table::week()
✖ lubridate::yday()    masks data.table::yday()
✖ lubridate::year()    masks data.table::year()
ℹ Use the conflicted package (<http://conflicted.r-lib.org/>) to force all conflicts to become errors
Loading required package: stats4
Loading required package: BiocGenerics

Attaching package: ‘BiocGenerics’

The following objects are masked from ‘package:lubridate’:

    intersect, setdiff, union

The following objects are masked from ‘package:dplyr’:

    combine, intersect, setdiff, union

The following objects are masked from ‘package:stats’:

    IQR, mad, sd, var, xtabs

The following objects are masked from ‘package:base’:

    anyDuplicated, aperm, append, as.data.frame, basename, cbind,
    colnames, dirname, do.call, duplicated, eval, evalq, Filter, Find,
    get, grep, grepl, intersect, is.unsorted, lapply, Map, mapply,
    match, mget, order, paste, pmax, pmax.int, pmin, pmin.int,
    Position, rank, rbind, Reduce, rownames, sapply, setdiff, sort,
    table, tapply, union, unique, unsplit, which.max, which.min

Loading required package: S4Vectors

Attaching package: ‘S4Vectors’

The following objects are masked from ‘package:lubridate’:

    second, second<-

The following objects are masked from ‘package:dplyr’:

    first, rename

The following object is masked from ‘package:tidyr’:

    expand

The following objects are masked from ‘package:data.table’:

    first, second

The following objects are masked from ‘package:base’:

    expand.grid, I, unname

Loading required package: IRanges

Attaching package: ‘IRanges’

The following object is masked from ‘package:lubridate’:

    %within%

The following objects are masked from ‘package:dplyr’:

    collapse, desc, slice

The following object is masked from ‘package:purrr’:

    reduce

The following object is masked from ‘package:glue’:

    trim

The following object is masked from ‘package:data.table’:

    shift

Loading required package: GenomeInfoDb
 ■■                                 3% |  ETA:  1m
 ■■■                                7% |  ETA:  1m
 ■■■■■                             14% |  ETA: 48s
 ■■■■■■■                           19% |  ETA: 42s
 ■■■■■■■■■                         26% |  ETA: 38s
 ■■■■■■■■■■■                       32% |  ETA: 34s
 ■■■■■■■■■■■■■                     39% |  ETA: 30s
 ■■■■■■■■■■■■■■■                   46% |  ETA: 27s
 ■■■■■■■■■■■■■■■■                  51% |  ETA: 24s
 ■■■■■■■■■■■■■■■■■■                57% |  ETA: 21s
 ■■■■■■■■■■■■■■■■■■■■              64% |  ETA: 18s
 ■■■■■■■■■■■■■■■■■■■■■■            71% |  ETA: 14s
 ■■■■■■■■■■■■■■■■■■■■■■■■          78% |  ETA: 11s
 ■■■■■■■■■■■■■■■■■■■■■■■■■■        85% |  ETA:  7s
 ■■■■■■■■■■■■■■■■■■■■■■■■■■■■■     93% |  ETA:  3s
[Tue Apr  4 15:16:15 2023]
Finished job 0.
1 of 1 steps (100%) done
