Building DAG of jobs...
Using shell: /usr/bin/bash
Provided cores: 32
Rules claiming more threads will be scaled down.
Provided resources: mem_mb=20000, mem_mib=19074, disk_mb=1284, disk_mib=1225
Select jobs to execute...

[Tue Apr  4 15:10:33 2023]
Job 0: working on tf=FOXA1,tissue=Prostate, data/homer_files/FOXA1/merged_motif_file.txt, config/pipeline.yaml
Reason: Missing output files: data/predictor_files/FOXA1_Prostate_predictor_regions.txt, metadata/enformer_config/enformer_parameters_cistrome_FOXA1_Prostate.json, data/predictor_files/FOXA1_Prostate_predictors.txt, data/predictor_files/FOXA1_Prostate_ground_truth.txt


        /project2/haky/temi/software/conda_envs/TFXcan-tools/bin/Rscript workflow/scripts/create_training_sets.R FOXA1 Prostate data/homer_files/FOXA1/merged_motif_file.txt data/ data/predictor_files/FOXA1_Prostate_predictor_regions.txt config/pipeline.yaml
        
Warning: ‘timedatectl’ indicates the non-existent timezone name ‘n/a’
unable to deduce timezone name from ‘America/Chicago’
── Attaching core tidyverse packages ──────────────────────── tidyverse 2.0.0 ──
✔ dplyr     1.1.1     ✔ readr     2.1.4
✔ forcats   1.0.0     ✔ stringr   1.5.0
✔ ggplot2   3.4.1     ✔ tibble    3.2.1
✔ lubridate 1.9.2     ✔ tidyr     1.3.0
✔ purrr     1.0.1     
── Conflicts ────────────────────────────────────────── tidyverse_conflicts() ──
✖ dplyr::between()     masks data.table::between()
✖ dplyr::filter()      masks stats::filter()
✖ dplyr::first()       masks data.table::first()
✖ lubridate::hour()    masks data.table::hour()
✖ lubridate::isoweek() masks data.table::isoweek()
✖ dplyr::lag()         masks stats::lag()
✖ dplyr::last()        masks data.table::last()
✖ lubridate::mday()    masks data.table::mday()
✖ lubridate::minute()  masks data.table::minute()
✖ lubridate::month()   masks data.table::month()
✖ lubridate::quarter() masks data.table::quarter()
✖ lubridate::second()  masks data.table::second()
✖ purrr::transpose()   masks data.table::transpose()
✖ lubridate::wday()    masks data.table::wday()
✖ lubridate::week()    masks data.table::week()
✖ lubridate::yday()    masks data.table::yday()
✖ lubridate::year()    masks data.table::year()
ℹ Use the conflicted package (<http://conflicted.r-lib.org/>) to force all conflicts to become errors
Loading required package: stats4
Loading required package: BiocGenerics

Attaching package: ‘BiocGenerics’

The following objects are masked from ‘package:lubridate’:

    intersect, setdiff, union

The following objects are masked from ‘package:dplyr’:

    combine, intersect, setdiff, union

The following objects are masked from ‘package:stats’:

    IQR, mad, sd, var, xtabs

The following objects are masked from ‘package:base’:

    anyDuplicated, aperm, append, as.data.frame, basename, cbind,
    colnames, dirname, do.call, duplicated, eval, evalq, Filter, Find,
    get, grep, grepl, intersect, is.unsorted, lapply, Map, mapply,
    match, mget, order, paste, pmax, pmax.int, pmin, pmin.int,
    Position, rank, rbind, Reduce, rownames, sapply, setdiff, sort,
    table, tapply, union, unique, unsplit, which.max, which.min

Loading required package: S4Vectors

Attaching package: ‘S4Vectors’

The following objects are masked from ‘package:lubridate’:

    second, second<-

The following objects are masked from ‘package:dplyr’:

    first, rename

The following object is masked from ‘package:tidyr’:

    expand

The following objects are masked from ‘package:data.table’:

    first, second

The following objects are masked from ‘package:base’:

    expand.grid, I, unname

Loading required package: IRanges

Attaching package: ‘IRanges’

The following object is masked from ‘package:lubridate’:

    %within%

The following objects are masked from ‘package:dplyr’:

    collapse, desc, slice

The following object is masked from ‘package:purrr’:

    reduce

The following object is masked from ‘package:glue’:

    trim

The following object is masked from ‘package:data.table’:

    shift

Loading required package: GenomeInfoDb
 ■■■■■■■■                          22% |  ETA:  8s
 ■■■■■■■■■■■■■                     40% |  ETA:  8s
 ■■■■■■■■■■■■■■■■■                 54% |  ETA:  7s
 ■■■■■■■■■■■■■■■■■■■■■■            71% |  ETA:  5s
 ■■■■■■■■■■■■■■■■■■■■■■■■■■        83% |  ETA:  3s
 ■                                  1% |  ETA:  2m
 ■■■                                6% |  ETA:  1m
 ■■■■                              11% |  ETA:  1m
 ■■■■■■                            17% |  ETA: 48s
 ■■■■■■■■                          22% |  ETA: 46s
 ■■■■■■■■■                         27% |  ETA: 43s
 ■■■■■■■■■■■                       33% |  ETA: 38s
 ■■■■■■■■■■■■                      38% |  ETA: 36s
 ■■■■■■■■■■■■■■                    44% |  ETA: 32s
 ■■■■■■■■■■■■■■■■                  49% |  ETA: 29s
 ■■■■■■■■■■■■■■■■■                 55% |  ETA: 26s
 ■■■■■■■■■■■■■■■■■■■               60% |  ETA: 23s
 ■■■■■■■■■■■■■■■■■■■■■             66% |  ETA: 19s
 ■■■■■■■■■■■■■■■■■■■■■■            71% |  ETA: 16s
 ■■■■■■■■■■■■■■■■■■■■■■■■          76% |  ETA: 14s
 ■■■■■■■■■■■■■■■■■■■■■■■■■■        82% |  ETA: 10s
 ■■■■■■■■■■■■■■■■■■■■■■■■■■■       88% |  ETA:  7s
 ■■■■■■■■■■■■■■■■■■■■■■■■■■■■■     94% |  ETA:  3s
 ■■■■■■■■■■■■■■■■■■■■■■■■■■■■■■■   99% |  ETA:  1s
Warning message:
In .merge_two_Seqinfo_objects(x, y) :
  Each of the 2 combined objects has sequence levels not in the other:
  - in 'x': chrKI270466.1, chrKI270467.1, chrY, chrKI270733.1, chrGL000225.1, chrKI270438.1, chrKI270336.1, chrGL000220.1, chrMT, chrKI270337.1, chrKI270737.1, chrGL000216.2, chrKI270333.1, chrKI270442.1, chrKI270724.1, chrGL000224.1, chrKI270729.1, chrKI270712.1, chrKI270744.1, chrKI270587.1, chrKI270728.1, chrGL000205.2, chrKI270736.1
  - in 'y': chr12, chr18
  Make sure to always combine/compare objects based on the same reference
  genome (use suppressWarnings() to suppress this warning).
[Tue Apr  4 15:17:20 2023]
Finished job 0.
1 of 1 steps (100%) done
